<?xml version="1.0" encoding="UTF-8"?>
<testsuite xmlns:xsi="http://www.w3.org/2001/XMLSchema-instance" xsi:noNamespaceSchemaLocation="https://maven.apache.org/surefire/maven-surefire-plugin/xsd/surefire-test-report.xsd" name="TestSuite" time="5.002" tests="1" errors="0" skipped="0" failures="0">
  <properties>
    <property name="gopherProxySet" value="false"/>
    <property name="awt.toolkit" value="sun.lwawt.macosx.LWCToolkit"/>
    <property name="file.encoding.pkg" value="sun.io"/>
    <property name="java.specification.version" value="1.8"/>
    <property name="sun.cpu.isalist" value=""/>
    <property name="sun.jnu.encoding" value="UTF-8"/>
    <property name="java.class.path" value="/Users/Mikey/Desktop/Java/Selenium_Webdriver_Workspace/MavenTest/target/test-classes:/Users/Mikey/Desktop/Java/Selenium_Webdriver_Workspace/MavenTest/target/classes:/Users/Mikey/.m2/repository/org/seleniumhq/selenium/selenium-java/3.10.0/selenium-java-3.10.0.jar:/Users/Mikey/.m2/repository/org/seleniumhq/selenium/selenium-api/3.10.0/selenium-api-3.10.0.jar:/Users/Mikey/.m2/repository/org/seleniumhq/selenium/selenium-chrome-driver/3.10.0/selenium-chrome-driver-3.10.0.jar:/Users/Mikey/.m2/repository/org/seleniumhq/selenium/selenium-edge-driver/3.10.0/selenium-edge-driver-3.10.0.jar:/Users/Mikey/.m2/repository/org/seleniumhq/selenium/selenium-firefox-driver/3.10.0/selenium-firefox-driver-3.10.0.jar:/Users/Mikey/.m2/repository/org/seleniumhq/selenium/selenium-ie-driver/3.10.0/selenium-ie-driver-3.10.0.jar:/Users/Mikey/.m2/repository/org/seleniumhq/selenium/selenium-opera-driver/3.10.0/selenium-opera-driver-3.10.0.jar:/Users/Mikey/.m2/repository/org/seleniumhq/selenium/selenium-remote-driver/3.10.0/selenium-remote-driver-3.10.0.jar:/Users/Mikey/.m2/repository/org/seleniumhq/selenium/selenium-safari-driver/3.10.0/selenium-safari-driver-3.10.0.jar:/Users/Mikey/.m2/repository/org/seleniumhq/selenium/selenium-support/3.10.0/selenium-support-3.10.0.jar:/Users/Mikey/.m2/repository/net/bytebuddy/byte-buddy/1.7.9/byte-buddy-1.7.9.jar:/Users/Mikey/.m2/repository/org/apache/commons/commons-exec/1.3/commons-exec-1.3.jar:/Users/Mikey/.m2/repository/commons-codec/commons-codec/1.10/commons-codec-1.10.jar:/Users/Mikey/.m2/repository/commons-logging/commons-logging/1.2/commons-logging-1.2.jar:/Users/Mikey/.m2/repository/com/google/code/gson/gson/2.8.2/gson-2.8.2.jar:/Users/Mikey/.m2/repository/com/google/guava/guava/23.6-jre/guava-23.6-jre.jar:/Users/Mikey/.m2/repository/com/google/code/findbugs/jsr305/1.3.9/jsr305-1.3.9.jar:/Users/Mikey/.m2/repository/org/checkerframework/checker-compat-qual/2.0.0/checker-compat-qual-2.0.0.jar:/Users/Mikey/.m2/repository/com/google/errorprone/error_prone_annotations/2.1.3/error_prone_annotations-2.1.3.jar:/Users/Mikey/.m2/repository/com/google/j2objc/j2objc-annotations/1.1/j2objc-annotations-1.1.jar:/Users/Mikey/.m2/repository/org/codehaus/mojo/animal-sniffer-annotations/1.14/animal-sniffer-annotations-1.14.jar:/Users/Mikey/.m2/repository/org/apache/httpcomponents/httpclient/4.5.3/httpclient-4.5.3.jar:/Users/Mikey/.m2/repository/org/apache/httpcomponents/httpcore/4.4.6/httpcore-4.4.6.jar:/Users/Mikey/.m2/repository/com/squareup/okhttp3/okhttp/3.9.1/okhttp-3.9.1.jar:/Users/Mikey/.m2/repository/com/squareup/okio/okio/1.13.0/okio-1.13.0.jar:/Users/Mikey/.m2/repository/io/github/bonigarcia/webdrivermanager/2.1.0/webdrivermanager-2.1.0.jar:/Users/Mikey/.m2/repository/org/slf4j/slf4j-api/1.7.24/slf4j-api-1.7.24.jar:/Users/Mikey/.m2/repository/commons-io/commons-io/2.5/commons-io-2.5.jar:/Users/Mikey/.m2/repository/org/apache/commons/commons-lang3/3.5/commons-lang3-3.5.jar:/Users/Mikey/.m2/repository/org/rauschig/jarchivelib/0.7.1/jarchivelib-0.7.1.jar:/Users/Mikey/.m2/repository/org/apache/commons/commons-compress/1.9/commons-compress-1.9.jar:/Users/Mikey/.m2/repository/org/jsoup/jsoup/1.10.2/jsoup-1.10.2.jar:/Users/Mikey/.m2/repository/org/testng/testng/6.14.2/testng-6.14.2.jar:/Users/Mikey/.m2/repository/com/beust/jcommander/1.72/jcommander-1.72.jar:/Users/Mikey/.m2/repository/org/apache-extras/beanshell/bsh/2.0b6/bsh-2.0b6.jar:/Users/Mikey/.m2/repository/org/apache/maven/surefire/surefire-testng-utils/2.21.0/surefire-testng-utils-2.21.0.jar:/Users/Mikey/.m2/repository/org/apache/maven/surefire/surefire-grouper/2.21.0/surefire-grouper-2.21.0.jar:"/>
    <property name="java.vm.vendor" value="Oracle Corporation"/>
    <property name="sun.arch.data.model" value="64"/>
    <property name="java.vendor.url" value="http://java.oracle.com/"/>
    <property name="user.timezone" value=""/>
    <property name="java.vm.specification.version" value="1.8"/>
    <property name="os.name" value="Mac OS X"/>
    <property name="user.country" value="US"/>
    <property name="sun.java.launcher" value="SUN_STANDARD"/>
    <property name="sun.boot.library.path" value="/Library/Java/JavaVirtualMachines/jdk1.8.0_161.jdk/Contents/Home/jre/lib"/>
    <property name="sun.java.command" value="/Users/Mikey/Desktop/Java/Selenium_Webdriver_Workspace/MavenTest/target/surefire/surefirebooter2318753390947341325.jar /Users/Mikey/Desktop/Java/Selenium_Webdriver_Workspace/MavenTest/target/surefire 2018-03-09T20-46-58_321-jvmRun1 surefire981864043895887912tmp surefire_05271992695618849138tmp"/>
    <property name="http.nonProxyHosts" value="local|*.local|169.254/16|*.169.254/16"/>
    <property name="surefire.test.class.path" value="/Users/Mikey/Desktop/Java/Selenium_Webdriver_Workspace/MavenTest/target/test-classes:/Users/Mikey/Desktop/Java/Selenium_Webdriver_Workspace/MavenTest/target/classes:/Users/Mikey/.m2/repository/org/seleniumhq/selenium/selenium-java/3.10.0/selenium-java-3.10.0.jar:/Users/Mikey/.m2/repository/org/seleniumhq/selenium/selenium-api/3.10.0/selenium-api-3.10.0.jar:/Users/Mikey/.m2/repository/org/seleniumhq/selenium/selenium-chrome-driver/3.10.0/selenium-chrome-driver-3.10.0.jar:/Users/Mikey/.m2/repository/org/seleniumhq/selenium/selenium-edge-driver/3.10.0/selenium-edge-driver-3.10.0.jar:/Users/Mikey/.m2/repository/org/seleniumhq/selenium/selenium-firefox-driver/3.10.0/selenium-firefox-driver-3.10.0.jar:/Users/Mikey/.m2/repository/org/seleniumhq/selenium/selenium-ie-driver/3.10.0/selenium-ie-driver-3.10.0.jar:/Users/Mikey/.m2/repository/org/seleniumhq/selenium/selenium-opera-driver/3.10.0/selenium-opera-driver-3.10.0.jar:/Users/Mikey/.m2/repository/org/seleniumhq/selenium/selenium-remote-driver/3.10.0/selenium-remote-driver-3.10.0.jar:/Users/Mikey/.m2/repository/org/seleniumhq/selenium/selenium-safari-driver/3.10.0/selenium-safari-driver-3.10.0.jar:/Users/Mikey/.m2/repository/org/seleniumhq/selenium/selenium-support/3.10.0/selenium-support-3.10.0.jar:/Users/Mikey/.m2/repository/net/bytebuddy/byte-buddy/1.7.9/byte-buddy-1.7.9.jar:/Users/Mikey/.m2/repository/org/apache/commons/commons-exec/1.3/commons-exec-1.3.jar:/Users/Mikey/.m2/repository/commons-codec/commons-codec/1.10/commons-codec-1.10.jar:/Users/Mikey/.m2/repository/commons-logging/commons-logging/1.2/commons-logging-1.2.jar:/Users/Mikey/.m2/repository/com/google/code/gson/gson/2.8.2/gson-2.8.2.jar:/Users/Mikey/.m2/repository/com/google/guava/guava/23.6-jre/guava-23.6-jre.jar:/Users/Mikey/.m2/repository/com/google/code/findbugs/jsr305/1.3.9/jsr305-1.3.9.jar:/Users/Mikey/.m2/repository/org/checkerframework/checker-compat-qual/2.0.0/checker-compat-qual-2.0.0.jar:/Users/Mikey/.m2/repository/com/google/errorprone/error_prone_annotations/2.1.3/error_prone_annotations-2.1.3.jar:/Users/Mikey/.m2/repository/com/google/j2objc/j2objc-annotations/1.1/j2objc-annotations-1.1.jar:/Users/Mikey/.m2/repository/org/codehaus/mojo/animal-sniffer-annotations/1.14/animal-sniffer-annotations-1.14.jar:/Users/Mikey/.m2/repository/org/apache/httpcomponents/httpclient/4.5.3/httpclient-4.5.3.jar:/Users/Mikey/.m2/repository/org/apache/httpcomponents/httpcore/4.4.6/httpcore-4.4.6.jar:/Users/Mikey/.m2/repository/com/squareup/okhttp3/okhttp/3.9.1/okhttp-3.9.1.jar:/Users/Mikey/.m2/repository/com/squareup/okio/okio/1.13.0/okio-1.13.0.jar:/Users/Mikey/.m2/repository/io/github/bonigarcia/webdrivermanager/2.1.0/webdrivermanager-2.1.0.jar:/Users/Mikey/.m2/repository/org/slf4j/slf4j-api/1.7.24/slf4j-api-1.7.24.jar:/Users/Mikey/.m2/repository/commons-io/commons-io/2.5/commons-io-2.5.jar:/Users/Mikey/.m2/repository/org/apache/commons/commons-lang3/3.5/commons-lang3-3.5.jar:/Users/Mikey/.m2/repository/org/rauschig/jarchivelib/0.7.1/jarchivelib-0.7.1.jar:/Users/Mikey/.m2/repository/org/apache/commons/commons-compress/1.9/commons-compress-1.9.jar:/Users/Mikey/.m2/repository/org/jsoup/jsoup/1.10.2/jsoup-1.10.2.jar:/Users/Mikey/.m2/repository/org/testng/testng/6.14.2/testng-6.14.2.jar:/Users/Mikey/.m2/repository/com/beust/jcommander/1.72/jcommander-1.72.jar:/Users/Mikey/.m2/repository/org/apache-extras/beanshell/bsh/2.0b6/bsh-2.0b6.jar:/Users/Mikey/.m2/repository/org/apache/maven/surefire/surefire-testng-utils/2.21.0/surefire-testng-utils-2.21.0.jar:/Users/Mikey/.m2/repository/org/apache/maven/surefire/surefire-grouper/2.21.0/surefire-grouper-2.21.0.jar:"/>
    <property name="sun.cpu.endian" value="little"/>
    <property name="user.home" value="/Users/Mikey"/>
    <property name="user.language" value="en"/>
    <property name="java.specification.vendor" value="Oracle Corporation"/>
    <property name="java.home" value="/Library/Java/JavaVirtualMachines/jdk1.8.0_161.jdk/Contents/Home/jre"/>
    <property name="basedir" value="/Users/Mikey/Desktop/Java/Selenium_Webdriver_Workspace/MavenTest"/>
    <property name="file.separator" value="/"/>
    <property name="line.separator" value="&#10;"/>
    <property name="java.vm.specification.vendor" value="Oracle Corporation"/>
    <property name="java.specification.name" value="Java Platform API Specification"/>
    <property name="java.awt.graphicsenv" value="sun.awt.CGraphicsEnvironment"/>
    <property name="surefire.real.class.path" value="/Users/Mikey/Desktop/Java/Selenium_Webdriver_Workspace/MavenTest/target/surefire/surefirebooter2318753390947341325.jar"/>
    <property name="sun.boot.class.path" value="/Library/Java/JavaVirtualMachines/jdk1.8.0_161.jdk/Contents/Home/jre/lib/resources.jar:/Library/Java/JavaVirtualMachines/jdk1.8.0_161.jdk/Contents/Home/jre/lib/rt.jar:/Library/Java/JavaVirtualMachines/jdk1.8.0_161.jdk/Contents/Home/jre/lib/sunrsasign.jar:/Library/Java/JavaVirtualMachines/jdk1.8.0_161.jdk/Contents/Home/jre/lib/jsse.jar:/Library/Java/JavaVirtualMachines/jdk1.8.0_161.jdk/Contents/Home/jre/lib/jce.jar:/Library/Java/JavaVirtualMachines/jdk1.8.0_161.jdk/Contents/Home/jre/lib/charsets.jar:/Library/Java/JavaVirtualMachines/jdk1.8.0_161.jdk/Contents/Home/jre/lib/jfr.jar:/Library/Java/JavaVirtualMachines/jdk1.8.0_161.jdk/Contents/Home/jre/classes"/>
    <property name="sun.management.compiler" value="HotSpot 64-Bit Tiered Compilers"/>
    <property name="ftp.nonProxyHosts" value="local|*.local|169.254/16|*.169.254/16"/>
    <property name="java.runtime.version" value="1.8.0_161-b12"/>
    <property name="user.name" value="Mikey"/>
    <property name="path.separator" value=":"/>
    <property name="os.version" value="10.10.5"/>
    <property name="java.endorsed.dirs" value="/Library/Java/JavaVirtualMachines/jdk1.8.0_161.jdk/Contents/Home/jre/lib/endorsed"/>
    <property name="java.runtime.name" value="Java(TM) SE Runtime Environment"/>
    <property name="file.encoding" value="UTF-8"/>
    <property name="java.vm.name" value="Java HotSpot(TM) 64-Bit Server VM"/>
    <property name="localRepository" value="/Users/Mikey/.m2/repository"/>
    <property name="java.vendor.url.bug" value="http://bugreport.sun.com/bugreport/"/>
    <property name="java.io.tmpdir" value="/var/folders/3h/_zlrgttx6tv61cw361s8gvzc0000gn/T/"/>
    <property name="java.version" value="1.8.0_161"/>
    <property name="user.dir" value="/Users/Mikey/Desktop/Java/Selenium_Webdriver_Workspace/MavenTest"/>
    <property name="os.arch" value="x86_64"/>
    <property name="java.vm.specification.name" value="Java Virtual Machine Specification"/>
    <property name="java.awt.printerjob" value="sun.lwawt.macosx.CPrinterJob"/>
    <property name="sun.os.patch.level" value="unknown"/>
    <property name="java.library.path" value="/Users/Mikey/Library/Java/Extensions:/Library/Java/Extensions:/Network/Library/Java/Extensions:/System/Library/Java/Extensions:/usr/lib/java:."/>
    <property name="java.vm.info" value="mixed mode"/>
    <property name="java.vendor" value="Oracle Corporation"/>
    <property name="java.vm.version" value="25.161-b12"/>
    <property name="java.ext.dirs" value="/Users/Mikey/Library/Java/Extensions:/Library/Java/JavaVirtualMachines/jdk1.8.0_161.jdk/Contents/Home/jre/lib/ext:/Library/Java/Extensions:/Network/Library/Java/Extensions:/System/Library/Java/Extensions:/usr/lib/java"/>
    <property name="sun.io.unicode.encoding" value="UnicodeBig"/>
    <property name="java.class.version" value="52.0"/>
    <property name="socksNonProxyHosts" value="local|*.local|169.254/16|*.169.254/16"/>
  </properties>
  <testcase name="f" classname="testPackage.NewTest" time="1.599"/>
</testsuite>