<?xml version="1.0" encoding="UTF-8"?>
<!-- Generated by org.testng.reporters.JUnitReportReporter -->
<testsuite skipped="0" hostname="Michaels-MBP.fios-router.home" name="testPackage.NewTest" tests="1" failures="0" timestamp="10 Mar 2018 04:47:03 GMT" time="1.599" errors="0">
  <testcase name="f" time="1.599" classname="testPackage.NewTest"/>
</testsuite> <!-- testPackage.NewTest -->
